Determining if the pthread_create exist failed with the following output:
Change Dir: /home/racecar/Documents/StudentRepo_ABadillo/Assignment_2/build/CMakeFiles/CMakeTmp

Run Build Command:"/usr/bin/make" "cmTC_08ae1/fast"
make[1]: Entering directory '/home/racecar/Documents/StudentRepo_ABadillo/Assignment_2/build/CMakeFiles/CMakeTmp'
/usr/bin/make -f CMakeFiles/cmTC_08ae1.dir/build.make CMakeFiles/cmTC_08ae1.dir/build
make[2]: Entering directory '/home/racecar/Documents/StudentRepo_ABadillo/Assignment_2/build/CMakeFiles/CMakeTmp'
Building C object CMakeFiles/cmTC_08ae1.dir/CheckSymbolExists.c.o
/usr/bin/cc     -o CMakeFiles/cmTC_08ae1.dir/CheckSymbolExists.c.o   -c /home/racecar/Documents/StudentRepo_ABadillo/Assignment_2/build/CMakeFiles/CMakeTmp/CheckSymbolExists.c
Linking C executable cmTC_08ae1
/usr/bin/cmake -E cmake_link_script CMakeFiles/cmTC_08ae1.dir/link.txt --verbose=1
/usr/bin/cc       CMakeFiles/cmTC_08ae1.dir/CheckSymbolExists.c.o  -o cmTC_08ae1 -rdynamic 
CMakeFiles/cmTC_08ae1.dir/CheckSymbolExists.c.o: In function `main':
CheckSymbolExists.c:(.text+0x1b): undefined reference to `pthread_create'
collect2: error: ld returned 1 exit status
CMakeFiles/cmTC_08ae1.dir/build.make:97: recipe for target 'cmTC_08ae1' failed
make[2]: *** [cmTC_08ae1] Error 1
make[2]: Leaving directory '/home/racecar/Documents/StudentRepo_ABadillo/Assignment_2/build/CMakeFiles/CMakeTmp'
Makefile:126: recipe for target 'cmTC_08ae1/fast' failed
make[1]: *** [cmTC_08ae1/fast] Error 2
make[1]: Leaving directory '/home/racecar/Documents/StudentRepo_ABadillo/Assignment_2/build/CMakeFiles/CMakeTmp'

File /home/racecar/Documents/StudentRepo_ABadillo/Assignment_2/build/CMakeFiles/CMakeTmp/CheckSymbolExists.c:
/* */
#include <pthread.h>

int main(int argc, char** argv)
{
  (void)argv;
#ifndef pthread_create
  return ((int*)(&pthread_create))[argc];
#else
  (void)argc;
  return 0;
#endif
}

Determining if the function pthread_create exists in the pthreads failed with the following output:
Change Dir: /home/racecar/Documents/StudentRepo_ABadillo/Assignment_2/build/CMakeFiles/CMakeTmp

Run Build Command:"/usr/bin/make" "cmTC_efcac/fast"
make[1]: Entering directory '/home/racecar/Documents/StudentRepo_ABadillo/Assignment_2/build/CMakeFiles/CMakeTmp'
/usr/bin/make -f CMakeFiles/cmTC_efcac.dir/build.make CMakeFiles/cmTC_efcac.dir/build
make[2]: Entering directory '/home/racecar/Documents/StudentRepo_ABadillo/Assignment_2/build/CMakeFiles/CMakeTmp'
Building C object CMakeFiles/cmTC_efcac.dir/CheckFunctionExists.c.o
/usr/bin/cc    -DCHECK_FUNCTION_EXISTS=pthread_create   -o CMakeFiles/cmTC_efcac.dir/CheckFunctionExists.c.o   -c /usr/share/cmake-3.7/Modules/CheckFunctionExists.c
Linking C executable cmTC_efcac
/usr/bin/cmake -E cmake_link_script CMakeFiles/cmTC_efcac.dir/link.txt --verbose=1
/usr/bin/cc   -DCHECK_FUNCTION_EXISTS=pthread_create    CMakeFiles/cmTC_efcac.dir/CheckFunctionExists.c.o  -o cmTC_efcac -rdynamic -lpthreads 
/usr/bin/ld: cannot find -lpthreads
collect2: error: ld returned 1 exit status
CMakeFiles/cmTC_efcac.dir/build.make:97: recipe for target 'cmTC_efcac' failed
make[2]: *** [cmTC_efcac] Error 1
make[2]: Leaving directory '/home/racecar/Documents/StudentRepo_ABadillo/Assignment_2/build/CMakeFiles/CMakeTmp'
Makefile:126: recipe for target 'cmTC_efcac/fast' failed
make[1]: *** [cmTC_efcac/fast] Error 2
make[1]: Leaving directory '/home/racecar/Documents/StudentRepo_ABadillo/Assignment_2/build/CMakeFiles/CMakeTmp'


